<?xml version="1.0" encoding="UTF-8"?>
<!-- Generated by org.testng.reporters.JUnitXMLReporter -->
<testsuite ignored="0" hostname="DESKTOP-BAU3675" failures="1" tests="6" name="CI App Test" time="75.86" errors="0" timestamp="2023-10-28T12:03:07 IST">
  <testcase classname="com.ci.qa.testcases.LoginPageTest" name="loginPageTitleTest" time="0.03"/>
  <testcase classname="com.ci.qa.testcases.LoginPageTest" name="loginTest" time="3.935"/>
  <testcase classname="com.ci.qa.testcases.HomePageTest" name="homePageElements" time="0.266"/>
  <testcase classname="com.ci.qa.testcases.BatchesPageTest" name="fillFormTest" time="5.454"/>
  <testcase classname="com.ci.qa.testcases.LiveClassesPageTest" name="liveClassSearchSubmit" time="4.441"/>
  <testcase classname="com.ci.qa.testcases.LiveClassesPageTest" name="addNewFormDetails" time="4.16">
    <failure type="org.openqa.selenium.support.ui.UnexpectedTagNameException" message="Element should have been &amp;quot;select&amp;quot; but was &amp;quot;input&amp;quot;
Build info: version: &amp;apos;4.14.1&amp;apos;, revision: &amp;apos;03f8ede370&amp;apos;
System info: os.name: &amp;apos;Windows 10&amp;apos;, os.arch: &amp;apos;amd64&amp;apos;, os.version: &amp;apos;10.0&amp;apos;, java.version: &amp;apos;17.0.8.1&amp;apos;
Driver info: driver.version: unknown">
      <![CDATA[org.openqa.selenium.support.ui.UnexpectedTagNameException: Element should have been "select" but was "input"
Build info: version: '4.14.1', revision: '03f8ede370'
System info: os.name: 'Windows 10', os.arch: 'amd64', os.version: '10.0', java.version: '17.0.8.1'
Driver info: driver.version: unknown
at org.openqa.selenium.support.ui.Select.<init>(Select.java:46)
at com.ci.qa.pages.LiveClassesPage.addLiveClassForm(LiveClassesPage.java:62)
at com.ci.qa.testcases.LiveClassesPageTest.addNewFormDetails(LiveClassesPageTest.java:57)
at java.base/java.util.ArrayList.forEach(ArrayList.java:1511)
... Removed 27 stack frames]]>
    </failure>
  </testcase> <!-- addNewFormDetails -->
</testsuite> <!-- CI App Test -->
