<?xml version="1.0" encoding="UTF-8"?>
<testng-results ignored="0" total="1" passed="1" failed="0" skipped="0">
  <reporter-output>
  </reporter-output>
  <suite started-at="2023-10-28T14:16:36 IST" name="Default suite" finished-at="2023-10-28T14:16:49 IST" duration-ms="13131">
    <groups>
    </groups>
    <test started-at="2023-10-28T14:16:36 IST" name="Default test" finished-at="2023-10-28T14:16:49 IST" duration-ms="13131">
      <class name="com.ci.qa.testcases.CreateOrderForCoursePageTest">
        <test-method is-config="true" signature="setUp()[pri:0, instance:com.ci.qa.testcases.CreateOrderForCoursePageTest@26d9b808]" started-at="2023-10-28T14:16:36 IST" name="setUp" finished-at="2023-10-28T14:16:45 IST" duration-ms="8558" status="PASS">
          <reporter-output>
          </reporter-output>
        </test-method> <!-- setUp -->
        <test-method signature="addOrderFormTest()[pri:0, instance:com.ci.qa.testcases.CreateOrderForCoursePageTest@26d9b808]" started-at="2023-10-28T14:16:45 IST" name="addOrderFormTest" finished-at="2023-10-28T14:16:49 IST" duration-ms="4515" status="PASS">
          <reporter-output>
          </reporter-output>
        </test-method> <!-- addOrderFormTest -->
        <test-method is-config="true" signature="tearDown()[pri:0, instance:com.ci.qa.testcases.CreateOrderForCoursePageTest@26d9b808]" started-at="2023-10-28T14:16:49 IST" name="tearDown" finished-at="2023-10-28T14:16:49 IST" duration-ms="1" status="PASS">
          <reporter-output>
          </reporter-output>
        </test-method> <!-- tearDown -->
      </class> <!-- com.ci.qa.testcases.CreateOrderForCoursePageTest -->
    </test> <!-- Default test -->
  </suite> <!-- Default suite -->
</testng-results>
